2024-02-19 16:48:39,473 [INFO]: zone: SUD
2024-02-19 16:49:51,513 [INFO]: zone: SUD
2024-02-19 17:51:23,137 [INFO]: zone: SUD
2024-02-19 17:51:23,138 [INFO]: loading model: latent_ode
2024-02-19 17:53:46,104 [INFO]: zone: SUD
2024-02-19 17:53:46,105 [INFO]: loading model: latent_ode
2024-02-19 17:56:56,077 [INFO]: zone: SUD
2024-02-19 17:56:56,078 [INFO]: loading model: latent_ode
2024-02-19 17:57:47,790 [INFO]: zone: SUD
2024-02-19 17:57:47,792 [INFO]: loading model: latent_ode
2024-02-19 17:58:30,899 [INFO]: zone: SUD
2024-02-19 17:58:30,901 [INFO]: loading model: latent_ode
2024-02-19 17:59:49,925 [INFO]: zone: SUD
2024-02-19 17:59:49,926 [INFO]: loading model: latent_ode
2024-02-19 18:00:58,248 [INFO]: zone: SUD
2024-02-19 18:00:58,249 [INFO]: loading model: latent_ode
2024-02-19 19:10:51,936 [INFO]: zone: SUD
2024-02-19 19:10:51,937 [INFO]: loading model: latent_ode
2024-02-19 19:11:53,872 [INFO]: zone: SUD
2024-02-19 19:11:53,874 [INFO]: loading model: latent_ode
2024-02-19 19:13:59,368 [INFO]: zone: SUD
2024-02-19 19:13:59,370 [INFO]: loading model: latent_ode
2024-02-19 19:14:53,837 [INFO]: zone: SUD
2024-02-19 19:14:53,838 [INFO]: loading model: latent_ode
2024-02-19 19:14:54,419 [INFO]: Experiment 000
2024-02-19 19:14:54,419 [INFO]: Epoch 0000 [Valid seq (cond on sampled tp)] | Loss -3.933966 | Likelihood 2.827982 | KL fp 2.8770 | FP STD 0.3557|
2024-02-19 19:14:54,419 [INFO]: KL coef: 0.0
2024-02-19 19:14:54,419 [INFO]: MSE (TEST): 0.00017164996825158596
2024-02-19 19:14:54,419 [INFO]: Poisson likelihood (TEST): 0.0
2024-02-19 19:14:54,419 [INFO]: CE loss (TEST): 0.0

2024-02-19 19:14:54,887 [INFO]: Experiment 000
2024-02-19 19:14:54,888 [INFO]: Epoch 0000 [Valid seq (cond on sampled tp)] | Loss -3.910976 | Likelihood 2.805780 | KL fp 2.8735 | FP STD 0.3555|
2024-02-19 19:14:54,888 [INFO]: KL coef: 0.0
2024-02-19 19:14:54,888 [INFO]: MSE (TEST): 0.00017609023780096322
2024-02-19 19:14:54,888 [INFO]: Poisson likelihood (TEST): 0.0
2024-02-19 19:14:54,888 [INFO]: CE loss (TEST): 0.0

2024-02-19 19:14:55,349 [INFO]: Experiment 000
2024-02-19 19:14:55,349 [INFO]: Epoch 0000 [Valid seq (cond on sampled tp)] | Loss -3.902010 | Likelihood 2.797276 | KL fp 2.8727 | FP STD 0.3556|
2024-02-19 19:14:55,349 [INFO]: KL coef: 0.0
2024-02-19 19:14:55,349 [INFO]: MSE (TEST): 0.00017779110930860043
2024-02-19 19:14:55,349 [INFO]: Poisson likelihood (TEST): 0.0
2024-02-19 19:14:55,349 [INFO]: CE loss (TEST): 0.0

2024-02-19 19:14:55,811 [INFO]: Experiment 000
2024-02-19 19:14:55,811 [INFO]: Epoch 0000 [Valid seq (cond on sampled tp)] | Loss -3.892239 | Likelihood 2.776771 | KL fp 2.8759 | FP STD 0.3556|
2024-02-19 19:14:55,811 [INFO]: KL coef: 0.0
2024-02-19 19:14:55,812 [INFO]: MSE (TEST): 0.00018189223192166537
2024-02-19 19:14:55,812 [INFO]: Poisson likelihood (TEST): 0.0
2024-02-19 19:14:55,812 [INFO]: CE loss (TEST): 0.0

2024-02-19 19:14:56,306 [INFO]: Experiment 000
2024-02-19 19:14:56,306 [INFO]: Epoch 0000 [Valid seq (cond on sampled tp)] | Loss -3.888240 | Likelihood 2.783946 | KL fp 2.8636 | FP STD 0.3557|
2024-02-19 19:14:56,306 [INFO]: KL coef: 0.0
2024-02-19 19:14:56,306 [INFO]: MSE (TEST): 0.00018045703473035246
2024-02-19 19:14:56,306 [INFO]: Poisson likelihood (TEST): 0.0
2024-02-19 19:14:56,306 [INFO]: CE loss (TEST): 0.0

2024-02-21 10:59:16,090 [INFO]: zone: SUD
2024-02-21 10:59:16,091 [INFO]: loading model: latent_ode
2024-02-21 10:59:16,664 [INFO]: Experiment 000
2024-02-21 10:59:16,665 [INFO]: Epoch 0000 [Valid seq (cond on sampled tp)] | Loss -3.888995 | Likelihood 2.778561 | KL fp 2.8849 | FP STD 0.3552|
2024-02-21 10:59:16,665 [INFO]: KL coef: 0.0
2024-02-21 10:59:16,665 [INFO]: MSE (TEST): 0.00018153413839172572
2024-02-21 10:59:16,665 [INFO]: Poisson likelihood (TEST): 0.0
2024-02-21 10:59:16,665 [INFO]: CE loss (TEST): 0.0

2024-02-21 10:59:17,122 [INFO]: Experiment 000
2024-02-21 10:59:17,122 [INFO]: Epoch 0000 [Valid seq (cond on sampled tp)] | Loss -3.928158 | Likelihood 2.823161 | KL fp 2.8649 | FP STD 0.3562|
2024-02-21 10:59:17,122 [INFO]: KL coef: 0.0
2024-02-21 10:59:17,122 [INFO]: MSE (TEST): 0.00017261411994695663
2024-02-21 10:59:17,122 [INFO]: Poisson likelihood (TEST): 0.0
2024-02-21 10:59:17,122 [INFO]: CE loss (TEST): 0.0

2024-02-21 10:59:17,590 [INFO]: Experiment 000
2024-02-21 10:59:17,590 [INFO]: Epoch 0000 [Valid seq (cond on sampled tp)] | Loss -3.907881 | Likelihood 2.804156 | KL fp 2.8637 | FP STD 0.3554|
2024-02-21 10:59:17,590 [INFO]: KL coef: 0.0
2024-02-21 10:59:17,590 [INFO]: MSE (TEST): 0.00017641512386035174
2024-02-21 10:59:17,590 [INFO]: Poisson likelihood (TEST): 0.0
2024-02-21 10:59:17,590 [INFO]: CE loss (TEST): 0.0

2024-02-21 10:59:18,078 [INFO]: Experiment 000
2024-02-21 10:59:18,078 [INFO]: Epoch 0000 [Valid seq (cond on sampled tp)] | Loss -3.946919 | Likelihood 2.831899 | KL fp 2.8602 | FP STD 0.3556|
2024-02-21 10:59:18,078 [INFO]: KL coef: 0.0
2024-02-21 10:59:18,078 [INFO]: MSE (TEST): 0.000170866449479945
2024-02-21 10:59:18,078 [INFO]: Poisson likelihood (TEST): 0.0
2024-02-21 10:59:18,078 [INFO]: CE loss (TEST): 0.0

2024-02-21 10:59:18,542 [INFO]: Experiment 000
2024-02-21 10:59:18,542 [INFO]: Epoch 0000 [Valid seq (cond on sampled tp)] | Loss -3.933512 | Likelihood 2.821211 | KL fp 2.8673 | FP STD 0.3558|
2024-02-21 10:59:18,542 [INFO]: KL coef: 0.0
2024-02-21 10:59:18,542 [INFO]: MSE (TEST): 0.0001730042276903987
2024-02-21 10:59:18,542 [INFO]: Poisson likelihood (TEST): 0.0
2024-02-21 10:59:18,542 [INFO]: CE loss (TEST): 0.0

2024-02-21 10:59:18,542 [INFO]: 
done prediction!

2024-02-21 10:59:47,492 [INFO]: zone: SUD
2024-02-21 10:59:47,493 [INFO]: loading model: latent_ode
2024-02-21 10:59:48,129 [INFO]: Experiment 000
2024-02-21 10:59:48,129 [INFO]: Epoch 0000 [Valid seq (cond on sampled tp)] | Loss -3.853484 | Likelihood 2.733598 | KL fp 2.8808 | FP STD 0.3552|
2024-02-21 10:59:48,129 [INFO]: KL coef: 0.0
2024-02-21 10:59:48,129 [INFO]: MSE (TEST): 0.00019052665447816253
2024-02-21 10:59:48,129 [INFO]: Poisson likelihood (TEST): 0.0
2024-02-21 10:59:48,129 [INFO]: CE loss (TEST): 0.0

2024-02-21 10:59:48,612 [INFO]: Experiment 000
2024-02-21 10:59:48,612 [INFO]: Epoch 0000 [Valid seq (cond on sampled tp)] | Loss -3.940431 | Likelihood 2.838305 | KL fp 2.8636 | FP STD 0.3558|
2024-02-21 10:59:48,612 [INFO]: KL coef: 0.0
2024-02-21 10:59:48,612 [INFO]: MSE (TEST): 0.00016958532796707004
2024-02-21 10:59:48,612 [INFO]: Poisson likelihood (TEST): 0.0
2024-02-21 10:59:48,612 [INFO]: CE loss (TEST): 0.0

2024-02-21 10:59:49,080 [INFO]: Experiment 000
2024-02-21 10:59:49,080 [INFO]: Epoch 0000 [Valid seq (cond on sampled tp)] | Loss -3.925102 | Likelihood 2.820706 | KL fp 2.8674 | FP STD 0.3559|
2024-02-21 10:59:49,080 [INFO]: KL coef: 0.0
2024-02-21 10:59:49,080 [INFO]: MSE (TEST): 0.00017310505791101605
2024-02-21 10:59:49,080 [INFO]: Poisson likelihood (TEST): 0.0
2024-02-21 10:59:49,080 [INFO]: CE loss (TEST): 0.0

2024-02-21 10:59:49,542 [INFO]: Experiment 000
2024-02-21 10:59:49,542 [INFO]: Epoch 0000 [Valid seq (cond on sampled tp)] | Loss -3.847639 | Likelihood 2.742203 | KL fp 2.8955 | FP STD 0.3548|
2024-02-21 10:59:49,542 [INFO]: KL coef: 0.0
2024-02-21 10:59:49,542 [INFO]: MSE (TEST): 0.00018880584684666246
2024-02-21 10:59:49,542 [INFO]: Poisson likelihood (TEST): 0.0
2024-02-21 10:59:49,542 [INFO]: CE loss (TEST): 0.0

2024-02-21 10:59:50,007 [INFO]: Experiment 000
2024-02-21 10:59:50,007 [INFO]: Epoch 0000 [Valid seq (cond on sampled tp)] | Loss -3.846784 | Likelihood 2.745606 | KL fp 2.8848 | FP STD 0.3552|
2024-02-21 10:59:50,007 [INFO]: KL coef: 0.0
2024-02-21 10:59:50,007 [INFO]: MSE (TEST): 0.0001881252246676013
2024-02-21 10:59:50,007 [INFO]: Poisson likelihood (TEST): 0.0
2024-02-21 10:59:50,007 [INFO]: CE loss (TEST): 0.0

2024-02-21 10:59:50,007 [INFO]: done prediction!


2024-02-21 18:15:48,864 [INFO]: zone: SUD
2024-02-21 18:15:48,869 [INFO]: loading model: latent_ode
2024-02-21 18:18:13,375 [INFO]: zone: SUD
2024-02-21 18:18:13,379 [INFO]: loading model: latent_ode
2024-02-21 18:18:41,936 [INFO]: zone: SUD
2024-02-21 18:18:41,940 [INFO]: loading model: latent_ode
2024-02-21 18:30:11,342 [INFO]: zone: SUD
2024-02-21 18:30:11,345 [INFO]: loading model: latent_ode
2024-02-21 18:30:24,589 [INFO]: zone: SUD
2024-02-21 18:30:24,593 [INFO]: loading model: latent_ode
2024-02-21 19:18:20,776 [INFO]: zone: SUD
2024-02-21 19:18:20,778 [INFO]: loading model: latent_ode
2024-02-21 19:18:21,382 [INFO]: Experiment latent_ode
2024-02-21 19:18:21,382 [INFO]: Epoch 0000 [Valid seq (cond on sampled tp)] | Loss -3.904602 | Likelihood 2.798256 | KL fp 2.8535 | FP STD 0.3562|
2024-02-21 19:18:21,382 [INFO]: KL coef: 0.0
2024-02-21 19:18:21,382 [INFO]: MSE (TEST): 0.00017759519687388092
2024-02-21 19:18:21,382 [INFO]: Poisson likelihood (TEST): 0.0
2024-02-21 19:18:21,383 [INFO]: CE loss (TEST): 0.0

2024-02-21 19:18:21,878 [INFO]: Experiment latent_ode
2024-02-21 19:18:21,878 [INFO]: Epoch 0000 [Valid seq (cond on sampled tp)] | Loss -3.889044 | Likelihood 2.783243 | KL fp 2.8694 | FP STD 0.3557|
2024-02-21 19:18:21,878 [INFO]: KL coef: 0.0
2024-02-21 19:18:21,878 [INFO]: MSE (TEST): 0.00018059770809486508
2024-02-21 19:18:21,878 [INFO]: Poisson likelihood (TEST): 0.0
2024-02-21 19:18:21,878 [INFO]: CE loss (TEST): 0.0

2024-02-21 19:18:22,358 [INFO]: Experiment latent_ode
2024-02-21 19:18:22,358 [INFO]: Epoch 0000 [Valid seq (cond on sampled tp)] | Loss -3.961490 | Likelihood 2.855855 | KL fp 2.8618 | FP STD 0.3560|
2024-02-21 19:18:22,358 [INFO]: KL coef: 0.0
2024-02-21 19:18:22,359 [INFO]: MSE (TEST): 0.00016607523139100522
2024-02-21 19:18:22,359 [INFO]: Poisson likelihood (TEST): 0.0
2024-02-21 19:18:22,359 [INFO]: CE loss (TEST): 0.0

2024-02-21 19:18:22,855 [INFO]: Experiment latent_ode
2024-02-21 19:18:22,855 [INFO]: Epoch 0000 [Valid seq (cond on sampled tp)] | Loss -3.959247 | Likelihood 2.854018 | KL fp 2.8641 | FP STD 0.3562|
2024-02-21 19:18:22,855 [INFO]: KL coef: 0.0
2024-02-21 19:18:22,855 [INFO]: MSE (TEST): 0.00016644263814669102
2024-02-21 19:18:22,855 [INFO]: Poisson likelihood (TEST): 0.0
2024-02-21 19:18:22,855 [INFO]: CE loss (TEST): 0.0

2024-02-21 19:18:23,377 [INFO]: Experiment latent_ode
2024-02-21 19:18:23,377 [INFO]: Epoch 0000 [Valid seq (cond on sampled tp)] | Loss -3.887696 | Likelihood 2.784436 | KL fp 2.8704 | FP STD 0.3555|
2024-02-21 19:18:23,377 [INFO]: KL coef: 0.0
2024-02-21 19:18:23,377 [INFO]: MSE (TEST): 0.00018035904213320464
2024-02-21 19:18:23,377 [INFO]: Poisson likelihood (TEST): 0.0
2024-02-21 19:18:23,377 [INFO]: CE loss (TEST): 0.0

2024-02-21 19:18:23,377 [INFO]: done prediction!


2024-02-21 19:19:20,148 [INFO]: zone: SUD
2024-02-21 19:19:20,152 [INFO]: loading model: latent_ode
2024-02-21 19:19:25,132 [INFO]: Experiment latent_ode
2024-02-21 19:19:25,132 [INFO]: Epoch 0000 [Valid seq (cond on sampled tp)] | Loss -3.915318 | Likelihood 2.811988 | KL fp 2.8739 | FP STD 0.3556|
2024-02-21 19:19:25,132 [INFO]: KL coef: 0.0
2024-02-21 19:19:25,132 [INFO]: MSE (TEST): 0.00017484866839367896
2024-02-21 19:20:24,983 [INFO]: zone: SUD
2024-02-21 19:20:24,987 [INFO]: loading model: latent_ode
2024-02-21 19:20:25,695 [INFO]: Experiment latent_ode
2024-02-21 19:20:25,695 [INFO]: Epoch 0000 [Valid seq (cond on sampled tp)] | Loss -3.922857 | Likelihood 2.815714 | KL fp 2.8591 | FP STD 0.3561|
2024-02-21 19:20:25,695 [INFO]: KL coef: 0.0
2024-02-21 19:20:25,695 [INFO]: MSE (TEST): 0.00017410355212632567
2024-02-21 19:20:36,821 [INFO]: MMD (TEST): 0.00015307798457797617
2024-02-21 19:21:00,545 [INFO]: Poisson likelihood (TEST): 0.0
2024-02-21 19:21:00,546 [INFO]: CE loss (TEST): 0.0

2024-02-21 19:21:01,211 [INFO]: Experiment latent_ode
2024-02-21 19:21:01,211 [INFO]: Epoch 0000 [Valid seq (cond on sampled tp)] | Loss -3.921777 | Likelihood 2.816125 | KL fp 2.8515 | FP STD 0.3564|
2024-02-21 19:21:01,211 [INFO]: KL coef: 0.0
2024-02-21 19:21:01,211 [INFO]: MSE (TEST): 0.00017402130470145494
2024-02-21 19:21:03,950 [INFO]: MMD (TEST): 0.0001451704156352207
2024-02-21 19:21:03,951 [INFO]: Poisson likelihood (TEST): 0.0
2024-02-21 19:21:03,951 [INFO]: CE loss (TEST): 0.0

2024-02-21 19:21:04,626 [INFO]: Experiment latent_ode
2024-02-21 19:21:04,626 [INFO]: Epoch 0000 [Valid seq (cond on sampled tp)] | Loss -3.960370 | Likelihood 2.857641 | KL fp 2.8615 | FP STD 0.3559|
2024-02-21 19:21:04,627 [INFO]: KL coef: 0.0
2024-02-21 19:21:04,627 [INFO]: MSE (TEST): 0.00016571806918364018
2024-02-21 19:21:04,627 [INFO]: MMD (TEST): 0.00014264053606893867
2024-02-21 19:21:04,627 [INFO]: Poisson likelihood (TEST): 0.0
2024-02-21 19:21:04,627 [INFO]: CE loss (TEST): 0.0

2024-02-21 19:21:05,286 [INFO]: Experiment latent_ode
2024-02-21 19:21:05,286 [INFO]: Epoch 0000 [Valid seq (cond on sampled tp)] | Loss -3.937951 | Likelihood 2.834771 | KL fp 2.8713 | FP STD 0.3555|
2024-02-21 19:21:05,286 [INFO]: KL coef: 0.0
2024-02-21 19:21:05,286 [INFO]: MSE (TEST): 0.0001702920562820509
2024-02-21 19:21:05,286 [INFO]: MMD (TEST): 0.00013499789929483086
2024-02-21 19:21:05,286 [INFO]: Poisson likelihood (TEST): 0.0
2024-02-21 19:21:05,286 [INFO]: CE loss (TEST): 0.0

2024-02-21 19:21:06,020 [INFO]: Experiment latent_ode
2024-02-21 19:21:06,020 [INFO]: Epoch 0000 [Valid seq (cond on sampled tp)] | Loss -3.891325 | Likelihood 2.786367 | KL fp 2.8561 | FP STD 0.3561|
2024-02-21 19:21:06,021 [INFO]: KL coef: 0.0
2024-02-21 19:21:06,021 [INFO]: MSE (TEST): 0.00017997290706261992
2024-02-21 19:21:06,021 [INFO]: MMD (TEST): 0.00014750163245480508
2024-02-21 19:21:06,021 [INFO]: Poisson likelihood (TEST): 0.0
2024-02-21 19:21:06,021 [INFO]: CE loss (TEST): 0.0

2024-02-21 19:21:06,021 [INFO]: done prediction!


2024-02-21 19:22:27,359 [INFO]: zone: SUD
2024-02-21 19:22:27,365 [INFO]: loading model: latent_ode
2024-02-21 19:22:28,159 [INFO]: Experiment latent_ode
2024-02-21 19:22:28,159 [INFO]: Epoch 0000 [Valid seq (cond on sampled tp)] | Loss -3.922778 | Likelihood 2.819178 | KL fp 2.8448 | FP STD 0.3560|
2024-02-21 19:22:28,160 [INFO]: KL coef: 0.0
2024-02-21 19:22:28,160 [INFO]: MSE (TEST): 0.00017341076454613358
2024-02-21 19:22:28,160 [INFO]: MMD (TEST): 0.0001839001924963668
2024-02-21 19:22:28,160 [INFO]: Poisson likelihood (TEST): 0.0
2024-02-21 19:22:28,160 [INFO]: CE loss (TEST): 0.0

2024-02-21 19:22:28,829 [INFO]: Experiment latent_ode
2024-02-21 19:22:28,829 [INFO]: Epoch 0000 [Valid seq (cond on sampled tp)] | Loss -3.900761 | Likelihood 2.790271 | KL fp 2.8746 | FP STD 0.3552|
2024-02-21 19:22:28,829 [INFO]: KL coef: 0.0
2024-02-21 19:22:28,830 [INFO]: MSE (TEST): 0.0001791921240510419
2024-02-21 19:22:28,830 [INFO]: MMD (TEST): 0.0001688136107986793
2024-02-21 19:22:28,830 [INFO]: Poisson likelihood (TEST): 0.0
2024-02-21 19:22:28,830 [INFO]: CE loss (TEST): 0.0

2024-02-21 19:22:29,504 [INFO]: Experiment latent_ode
2024-02-21 19:22:29,504 [INFO]: Epoch 0000 [Valid seq (cond on sampled tp)] | Loss -3.868493 | Likelihood 2.759821 | KL fp 2.8683 | FP STD 0.3558|
2024-02-21 19:22:29,504 [INFO]: KL coef: 0.0
2024-02-21 19:22:29,504 [INFO]: MSE (TEST): 0.0001852822460932657
2024-02-21 19:22:29,504 [INFO]: MMD (TEST): 0.00015183289360720664
2024-02-21 19:22:29,505 [INFO]: Poisson likelihood (TEST): 0.0
2024-02-21 19:22:29,505 [INFO]: CE loss (TEST): 0.0

2024-02-21 19:22:30,175 [INFO]: Experiment latent_ode
2024-02-21 19:22:30,175 [INFO]: Epoch 0000 [Valid seq (cond on sampled tp)] | Loss -3.885312 | Likelihood 2.777897 | KL fp 2.8716 | FP STD 0.3557|
2024-02-21 19:22:30,175 [INFO]: KL coef: 0.0
2024-02-21 19:22:30,175 [INFO]: MSE (TEST): 0.00018166696827393025
2024-02-21 19:22:30,175 [INFO]: MMD (TEST): 0.0001927879056893289
2024-02-21 19:22:30,175 [INFO]: Poisson likelihood (TEST): 0.0
2024-02-21 19:22:30,175 [INFO]: CE loss (TEST): 0.0

2024-02-21 19:22:30,851 [INFO]: Experiment latent_ode
2024-02-21 19:22:30,852 [INFO]: Epoch 0000 [Valid seq (cond on sampled tp)] | Loss -3.848500 | Likelihood 2.739057 | KL fp 2.8607 | FP STD 0.3553|
2024-02-21 19:22:30,852 [INFO]: KL coef: 0.0
2024-02-21 19:22:30,852 [INFO]: MSE (TEST): 0.00018943491159006953
2024-02-21 19:22:30,852 [INFO]: MMD (TEST): 0.00018044312309939414
2024-02-21 19:22:30,852 [INFO]: Poisson likelihood (TEST): 0.0
2024-02-21 19:22:30,852 [INFO]: CE loss (TEST): 0.0

2024-02-21 19:22:30,852 [INFO]: done prediction!


2024-02-21 19:23:29,381 [INFO]: zone: SUD
2024-02-21 19:23:29,383 [INFO]: loading model: latent_ode
2024-02-21 19:23:29,879 [INFO]: Experiment latent_ode
2024-02-21 19:23:29,879 [INFO]: Epoch 0000 [Valid seq (cond on sampled tp)] | Loss -3.879855 | Likelihood 2.773768 | KL fp 2.8815 | FP STD 0.3550|
2024-02-21 19:23:29,879 [INFO]: KL coef: 0.0
2024-02-21 19:23:29,879 [INFO]: MSE (TEST): 0.0001824927021516487
2024-02-21 19:23:29,879 [INFO]: MMD (TEST): 0.00013078583288006485
2024-02-21 19:23:29,879 [INFO]: Poisson likelihood (TEST): 0.0
2024-02-21 19:23:29,879 [INFO]: CE loss (TEST): 0.0

2024-02-21 19:23:30,346 [INFO]: Experiment latent_ode
2024-02-21 19:23:30,346 [INFO]: Epoch 0000 [Valid seq (cond on sampled tp)] | Loss -3.943916 | Likelihood 2.838471 | KL fp 2.8683 | FP STD 0.3555|
2024-02-21 19:23:30,346 [INFO]: KL coef: 0.0
2024-02-21 19:23:30,346 [INFO]: MSE (TEST): 0.00016955210594460368
2024-02-21 19:23:30,347 [INFO]: MMD (TEST): 0.0001179774699267
2024-02-21 19:23:30,347 [INFO]: Poisson likelihood (TEST): 0.0
2024-02-21 19:23:30,347 [INFO]: CE loss (TEST): 0.0

2024-02-21 19:23:30,810 [INFO]: Experiment latent_ode
2024-02-21 19:23:30,810 [INFO]: Epoch 0000 [Valid seq (cond on sampled tp)] | Loss -3.918276 | Likelihood 2.812501 | KL fp 2.8857 | FP STD 0.3558|
2024-02-21 19:23:30,810 [INFO]: KL coef: 0.0
2024-02-21 19:23:30,810 [INFO]: MSE (TEST): 0.00017474620835855603
2024-02-21 19:23:30,810 [INFO]: MMD (TEST): 0.00011686483776429668
2024-02-21 19:23:30,810 [INFO]: Poisson likelihood (TEST): 0.0
2024-02-21 19:23:30,810 [INFO]: CE loss (TEST): 0.0

2024-02-21 19:23:31,274 [INFO]: Experiment latent_ode
2024-02-21 19:23:31,274 [INFO]: Epoch 0000 [Valid seq (cond on sampled tp)] | Loss -3.939088 | Likelihood 2.831073 | KL fp 2.8592 | FP STD 0.3561|
2024-02-21 19:23:31,274 [INFO]: KL coef: 0.0
2024-02-21 19:23:31,274 [INFO]: MSE (TEST): 0.00017103181744460016
2024-02-21 19:23:31,274 [INFO]: MMD (TEST): 0.00018046960758510977
2024-02-21 19:23:31,274 [INFO]: Poisson likelihood (TEST): 0.0
2024-02-21 19:23:31,274 [INFO]: CE loss (TEST): 0.0

2024-02-21 19:23:31,772 [INFO]: Experiment latent_ode
2024-02-21 19:23:31,772 [INFO]: Epoch 0000 [Valid seq (cond on sampled tp)] | Loss -3.925485 | Likelihood 2.824199 | KL fp 2.8617 | FP STD 0.3557|
2024-02-21 19:23:31,772 [INFO]: KL coef: 0.0
2024-02-21 19:23:31,772 [INFO]: MSE (TEST): 0.00017240650777239352
2024-02-21 19:23:31,772 [INFO]: MMD (TEST): 0.00015972720575518906
2024-02-21 19:23:31,772 [INFO]: Poisson likelihood (TEST): 0.0
2024-02-21 19:23:31,772 [INFO]: CE loss (TEST): 0.0

2024-02-21 19:23:31,772 [INFO]: done prediction!


2024-02-21 19:23:50,178 [INFO]: zone: SUD
2024-02-21 19:23:50,180 [INFO]: loading model: latent_ode
2024-02-21 19:23:50,750 [INFO]: Experiment latent_ode
2024-02-21 19:23:50,751 [INFO]: Epoch 0000 [Valid seq (cond on sampled tp)] | Loss -3.941623 | Likelihood 2.832702 | KL fp 2.8935 | FP STD 0.3550|
2024-02-21 19:23:50,751 [INFO]: KL coef: 0.0
2024-02-21 19:23:50,751 [INFO]: MSE (TEST): 0.00017070583999156952
2024-02-21 19:23:50,751 [INFO]: MMD (TEST): 0.0001343621261185035
2024-02-21 19:23:50,751 [INFO]: Poisson likelihood (TEST): 0.0
2024-02-21 19:23:50,751 [INFO]: CE loss (TEST): 0.0

2024-02-21 19:23:51,218 [INFO]: Experiment latent_ode
2024-02-21 19:23:51,218 [INFO]: Epoch 0000 [Valid seq (cond on sampled tp)] | Loss -3.888943 | Likelihood 2.781212 | KL fp 2.8603 | FP STD 0.3561|
2024-02-21 19:23:51,218 [INFO]: KL coef: 0.0
2024-02-21 19:23:51,218 [INFO]: MSE (TEST): 0.00018100398301612586
2024-02-21 19:23:51,218 [INFO]: MMD (TEST): 0.00016751553630456328
2024-02-21 19:23:51,218 [INFO]: Poisson likelihood (TEST): 0.0
2024-02-21 19:23:51,218 [INFO]: CE loss (TEST): 0.0

2024-02-21 19:23:51,689 [INFO]: Experiment latent_ode
2024-02-21 19:23:51,689 [INFO]: Epoch 0000 [Valid seq (cond on sampled tp)] | Loss -3.919442 | Likelihood 2.809087 | KL fp 2.8806 | FP STD 0.3557|
2024-02-21 19:23:51,689 [INFO]: KL coef: 0.0
2024-02-21 19:23:51,689 [INFO]: MSE (TEST): 0.0001754290278768167
2024-02-21 19:23:51,689 [INFO]: MMD (TEST): 0.0001504288666183129
2024-02-21 19:23:51,689 [INFO]: Poisson likelihood (TEST): 0.0
2024-02-21 19:23:51,689 [INFO]: CE loss (TEST): 0.0

2024-02-21 19:23:52,156 [INFO]: Experiment latent_ode
2024-02-21 19:23:52,156 [INFO]: Epoch 0000 [Valid seq (cond on sampled tp)] | Loss -3.862953 | Likelihood 2.760264 | KL fp 2.8756 | FP STD 0.3550|
2024-02-21 19:23:52,156 [INFO]: KL coef: 0.0
2024-02-21 19:23:52,156 [INFO]: MSE (TEST): 0.0001851935376180336
2024-02-21 19:23:52,156 [INFO]: MMD (TEST): 0.0001665353775024414
2024-02-21 19:23:52,156 [INFO]: Poisson likelihood (TEST): 0.0
2024-02-21 19:23:52,157 [INFO]: CE loss (TEST): 0.0

2024-02-21 19:23:52,619 [INFO]: Experiment latent_ode
2024-02-21 19:23:52,619 [INFO]: Epoch 0000 [Valid seq (cond on sampled tp)] | Loss -3.938370 | Likelihood 2.831844 | KL fp 2.8537 | FP STD 0.3563|
2024-02-21 19:23:52,619 [INFO]: KL coef: 0.0
2024-02-21 19:23:52,619 [INFO]: MSE (TEST): 0.00017087750893551856
2024-02-21 19:23:52,619 [INFO]: MMD (TEST): 0.00014935598301235586
2024-02-21 19:23:52,619 [INFO]: Poisson likelihood (TEST): 0.0
2024-02-21 19:23:52,619 [INFO]: CE loss (TEST): 0.0

2024-02-21 19:23:52,619 [INFO]: done prediction!


2024-02-22 19:08:11,950 [INFO]: zone: SUD
2024-02-22 19:08:11,952 [INFO]: loading model: latent_ode
2024-02-22 19:08:12,432 [INFO]: Experiment latent_ode
2024-02-22 19:08:12,433 [INFO]: Epoch 0000 [Valid seq (cond on sampled tp)] | Loss -2.715585 | Likelihood 2.715585 | KL fp 2.8570 | FP STD 0.3562|
2024-02-22 19:08:12,433 [INFO]: KL coef: 0.0
2024-02-22 19:08:12,433 [INFO]: MSE (TEST): 0.00019412922847550362
2024-02-22 19:08:12,433 [INFO]: MMD (TEST): 0.00023357073951046914
2024-02-22 19:08:12,433 [INFO]: Poisson likelihood (TEST): 0.0
2024-02-22 19:08:12,433 [INFO]: CE loss (TEST): 0.0

2024-02-22 19:08:12,800 [INFO]: Experiment latent_ode
2024-02-22 19:08:12,800 [INFO]: Epoch 0000 [Valid seq (cond on sampled tp)] | Loss -2.836118 | Likelihood 2.836118 | KL fp 2.8842 | FP STD 0.3551|
2024-02-22 19:08:12,800 [INFO]: KL coef: 0.0
2024-02-22 19:08:12,800 [INFO]: MSE (TEST): 0.0001700228312984109
2024-02-22 19:08:12,800 [INFO]: MMD (TEST): 0.00013979275536257774
2024-02-22 19:08:12,800 [INFO]: Poisson likelihood (TEST): 0.0
2024-02-22 19:08:12,800 [INFO]: CE loss (TEST): 0.0

2024-02-22 19:08:13,171 [INFO]: Experiment latent_ode
2024-02-22 19:08:13,171 [INFO]: Epoch 0000 [Valid seq (cond on sampled tp)] | Loss -2.829588 | Likelihood 2.829588 | KL fp 2.8676 | FP STD 0.3559|
2024-02-22 19:08:13,171 [INFO]: KL coef: 0.0
2024-02-22 19:08:13,171 [INFO]: MSE (TEST): 0.00017132879293058068
2024-02-22 19:08:13,171 [INFO]: MMD (TEST): 0.00014837582421023399
2024-02-22 19:08:13,171 [INFO]: Poisson likelihood (TEST): 0.0
2024-02-22 19:08:13,171 [INFO]: CE loss (TEST): 0.0

2024-02-22 19:08:13,598 [INFO]: Experiment latent_ode
2024-02-22 19:08:13,598 [INFO]: Epoch 0000 [Valid seq (cond on sampled tp)] | Loss -2.776019 | Likelihood 2.776019 | KL fp 2.8610 | FP STD 0.3557|
2024-02-22 19:08:13,598 [INFO]: KL coef: 0.0
2024-02-22 19:08:13,598 [INFO]: MSE (TEST): 0.0001820425532059744
2024-02-22 19:08:13,598 [INFO]: MMD (TEST): 0.0001355012209387496
2024-02-22 19:08:13,598 [INFO]: Poisson likelihood (TEST): 0.0
2024-02-22 19:08:13,598 [INFO]: CE loss (TEST): 0.0

2024-02-22 19:08:13,976 [INFO]: Experiment latent_ode
2024-02-22 19:08:13,976 [INFO]: Epoch 0000 [Valid seq (cond on sampled tp)] | Loss -2.756260 | Likelihood 2.756260 | KL fp 2.8632 | FP STD 0.3556|
2024-02-22 19:08:13,976 [INFO]: KL coef: 0.0
2024-02-22 19:08:13,976 [INFO]: MSE (TEST): 0.0001859943149611354
2024-02-22 19:08:13,976 [INFO]: MMD (TEST): 0.0001527865679236129
2024-02-22 19:08:13,976 [INFO]: Poisson likelihood (TEST): 0.0
2024-02-22 19:08:13,976 [INFO]: CE loss (TEST): 0.0

2024-02-22 19:08:13,976 [INFO]: done prediction!


